Determining if the pthread_create exist failed with the following output:
Change Dir: /home/ros/test/ros_ws/build/CMakeFiles/CMakeTmp

Run Build Command:"/usr/bin/make" "cmTC_de620/fast"
/usr/bin/make -f CMakeFiles/cmTC_de620.dir/build.make CMakeFiles/cmTC_de620.dir/build
make[1]: Entering directory '/home/ros/test/ros_ws/build/CMakeFiles/CMakeTmp'
Building C object CMakeFiles/cmTC_de620.dir/CheckSymbolExists.c.o
/usr/bin/cc     -o CMakeFiles/cmTC_de620.dir/CheckSymbolExists.c.o   -c /home/ros/test/ros_ws/build/CMakeFiles/CMakeTmp/CheckSymbolExists.c
Linking C executable cmTC_de620
/usr/bin/cmake -E cmake_link_script CMakeFiles/cmTC_de620.dir/link.txt --verbose=1
/usr/bin/cc       CMakeFiles/cmTC_de620.dir/CheckSymbolExists.c.o  -o cmTC_de620 -rdynamic 
CMakeFiles/cmTC_de620.dir/CheckSymbolExists.c.o: In function `main':
CheckSymbolExists.c:(.text+0x16): undefined reference to `pthread_create'
collect2: error: ld returned 1 exit status
CMakeFiles/cmTC_de620.dir/build.make:97: recipe for target 'cmTC_de620' failed
make[1]: *** [cmTC_de620] Error 1
make[1]: Leaving directory '/home/ros/test/ros_ws/build/CMakeFiles/CMakeTmp'
Makefile:126: recipe for target 'cmTC_de620/fast' failed
make: *** [cmTC_de620/fast] Error 2

File /home/ros/test/ros_ws/build/CMakeFiles/CMakeTmp/CheckSymbolExists.c:
/* */
#include <pthread.h>

int main(int argc, char** argv)
{
  (void)argv;
#ifndef pthread_create
  return ((int*)(&pthread_create))[argc];
#else
  (void)argc;
  return 0;
#endif
}

Determining if the function pthread_create exists in the pthreads failed with the following output:
Change Dir: /home/ros/test/ros_ws/build/CMakeFiles/CMakeTmp

Run Build Command:"/usr/bin/make" "cmTC_3167f/fast"
/usr/bin/make -f CMakeFiles/cmTC_3167f.dir/build.make CMakeFiles/cmTC_3167f.dir/build
make[1]: Entering directory '/home/ros/test/ros_ws/build/CMakeFiles/CMakeTmp'
Building C object CMakeFiles/cmTC_3167f.dir/CheckFunctionExists.c.o
/usr/bin/cc    -DCHECK_FUNCTION_EXISTS=pthread_create   -o CMakeFiles/cmTC_3167f.dir/CheckFunctionExists.c.o   -c /usr/share/cmake-3.5/Modules/CheckFunctionExists.c
Linking C executable cmTC_3167f
/usr/bin/cmake -E cmake_link_script CMakeFiles/cmTC_3167f.dir/link.txt --verbose=1
/usr/bin/cc   -DCHECK_FUNCTION_EXISTS=pthread_create    CMakeFiles/cmTC_3167f.dir/CheckFunctionExists.c.o  -o cmTC_3167f -rdynamic -lpthreads 
/usr/bin/ld: cannot find -lpthreads
collect2: error: ld returned 1 exit status
CMakeFiles/cmTC_3167f.dir/build.make:97: recipe for target 'cmTC_3167f' failed
make[1]: *** [cmTC_3167f] Error 1
make[1]: Leaving directory '/home/ros/test/ros_ws/build/CMakeFiles/CMakeTmp'
Makefile:126: recipe for target 'cmTC_3167f/fast' failed
make: *** [cmTC_3167f/fast] Error 2


